<?xml version="1.0" encoding="UTF-8"?>
<!-- Generated by org.testng.reporters.JUnitReportReporter -->
<testsuite hostname="DESKTOP-69MF21T" failures="0" tests="3" name="com.etech.qa.testcases.HomePageTest" time="109.088" errors="0" timestamp="21 Jan 2021 17:20:14 GMT" skipped="0">
  <testcase classname="com.etech.qa.testcases.HomePageTest" name="verifyHomePageTitleTest" time="29.842"/>
  <testcase classname="com.etech.qa.testcases.HomePageTest" name="verifyUserNameTest" time="29.099"/>
  <testcase classname="com.etech.qa.testcases.HomePageTest" name="verifyLogoutTest" time="50.147"/>
</testsuite> <!-- com.etech.qa.testcases.HomePageTest -->
