<?xml version="1.0" encoding="UTF-8"?>
<!-- Generated by org.testng.reporters.JUnitReportReporter -->
<testsuite hostname="DESKTOP-69MF21T" failures="0" tests="2" name="com.etech.qa.testcases.LoginPageTest" time="42.541" errors="0" timestamp="18 Jan 2021 12:46:04 GMT" skipped="0">
  <testcase classname="com.etech.qa.testcases.LoginPageTest" name="loginPageTitleTest" time="10.024"/>
  <testcase classname="com.etech.qa.testcases.LoginPageTest" name="loginTest" time="32.517"/>
</testsuite> <!-- com.etech.qa.testcases.LoginPageTest -->
