<?xml version="1.0" encoding="UTF-8"?>
<!-- Generated by org.testng.reporters.JUnitReportReporter -->
<testsuite hostname="DESKTOP-69MF21T" failures="0" tests="2" name="com.etech.qa.testcases.LoginPageTest" time="40.841" errors="0" timestamp="21 Jan 2021 08:14:37 GMT" skipped="0">
  <testcase classname="com.etech.qa.testcases.LoginPageTest" name="loginPageTitleTest" time="10.828"/>
  <testcase classname="com.etech.qa.testcases.LoginPageTest" name="loginTest" time="30.013"/>
</testsuite> <!-- com.etech.qa.testcases.LoginPageTest -->
